TN:
SF:/root/projs/c/c_test_task/src/err.c
FNL:0,2,4
FNA:0,70,print_err
FNL:1,5,8
FNA:1,184,print_err_with_line_num
FNF:2
FNH:2
DA:2,70
DA:3,70
DA:4,70
DA:5,184
DA:7,184
DA:8,184
LF:6
LH:6
end_of_record
TN:
SF:/root/projs/c/c_test_task/test/mock.c
FNL:0,1,1
FNA:0,0,ex
FNF:1
FNH:0
DA:1,0
LF:1
LH:0
end_of_record
TN:
SF:/root/projs/c/c_test_task/test/test.c
FNL:0,6,19
FNA:0,108,main
FNF:1
FNH:1
DA:6,108
DA:7,108
DA:8,108
DA:10,108
DA:11,108
DA:13,108
DA:14,14
DA:16,14
DA:18,14
LF:9
LH:9
end_of_record
