TN:
SF:/root/projs/c/c_test_task/src/err.c
FNL:0,2,4
FNA:0,5,print_err
FNL:1,5,8
FNA:1,17,print_err_with_line_num
FNF:2
FNH:2
DA:2,5
DA:3,5
DA:4,5
DA:5,17
DA:7,17
DA:8,17
LF:6
LH:6
end_of_record
TN:
SF:/root/projs/c/c_test_task/src/files_work.c
FNL:0,26,47
FNA:0,1,copy_files
FNL:1,49,87
FNA:1,1,strip_comments_and_join_continuation_lines
FNL:2,9,24
FNA:2,2,open_two_files_for_cp
FNF:3
FNH:3
DA:9,2
DA:11,2
DA:12,2
DA:13,0
DA:14,0
DA:17,2
DA:18,2
DA:19,0
DA:20,0
DA:21,0
DA:23,2
DA:26,1
DA:27,1
DA:28,1
DA:29,1
DA:31,0
DA:34,1
DA:35,1
DA:36,14
DA:37,13
DA:39,1
DA:40,1
DA:43,1
DA:44,1
DA:46,1
DA:49,1
DA:51,1
DA:52,1
DA:53,1
DA:55,0
DA:58,1
DA:59,1
DA:60,14
DA:62,13
DA:63,13
DA:64,2
DA:65,2
DA:68,13
DA:69,13
DA:70,2
DA:71,2
DA:72,2
DA:76,13
DA:78,1
DA:80,1
DA:81,1
DA:83,1
DA:84,1
DA:86,1
LF:49
LH:42
end_of_record
TN:
SF:/root/projs/c/c_test_task/src/parser.c
FNL:0,10,24
FNA:0,22,entered_line_check
FNL:1,106,124
FNA:1,2,manual_mode
FNL:2,126,132
FNA:2,7,getopt
FNL:3,134,185
FNA:3,2,auto_mode
FNL:4,26,44
FNA:4,10,parse_use_line
FNL:5,46,68
FNA:5,9,parse_call_line
FNL:6,70,104
FNA:6,14,process_line
FNF:7
FNH:7
DA:10,22
DA:11,22
DA:12,22
DA:13,5
DA:14,5
DA:17,17
DA:18,17
DA:19,4
DA:21,4
DA:23,13
DA:26,10
DA:27,10
DA:28,10
DA:29,5
DA:32,5
DA:33,0
DA:36,5
DA:37,5
DA:38,5
DA:39,2
DA:40,2
DA:43,3
DA:46,9
DA:47,9
DA:48,9
DA:49,2
DA:52,7
DA:53,3
DA:54,3
DA:57,4
DA:59,4
DA:60,4
DA:61,4
DA:62,1
DA:63,1
DA:65,3
DA:67,3
DA:70,14
DA:72,14
DA:74,14
DA:76,14
DA:77,14
DA:78,5
DA:80,14
DA:81,14
DA:82,14
DA:83,0
DA:84,0
DA:88,14
DA:89,14
DA:90,6
DA:91,8
DA:92,5
DA:93,3
DA:94,1
DA:96,2
DA:97,2
DA:101,14
DA:103,14
DA:106,2
DA:107,2
DA:109,2
DA:110,2
DA:111,2
DA:113,2
DA:115,7
DA:116,5
DA:119,2
DA:120,1
DA:123,2
DA:126,7
DA:127,7
DA:128,5
DA:129,5
DA:131,2
DA:134,2
DA:135,2
DA:136,1
DA:138,1
DA:140,1
DA:141,1
DA:143,1
DA:144,0
DA:145,0
DA:148,1
DA:150,0
DA:151,0
DA:154,1
DA:155,1
DA:156,0
DA:157,0
DA:160,1
DA:162,1
DA:163,1
DA:164,1
DA:166,1
DA:168,1
DA:169,5
DA:170,4
DA:171,4
DA:173,1
DA:174,1
DA:176,1
DA:177,1
DA:180,1
DA:184,1
LF:106
LH:97
end_of_record
